2024-06-02 23:52:24,  [32minfo[39m, /*code,*/ Node N1s1 - Joining peer at http://localhost:3100
2024-06-02 23:52:24,  [32minfo[39m, /*code,*/ Node N1s1 - Joining peer at http://localhost:3120
2024-06-02 23:52:24,  [32minfo[39m, /*code,*/ Node N1s1 - Joining peer at http://localhost:3130
2024-06-02 23:52:24,  [32minfo[39m, /*code,*/ DN server running on port 3110 as N1s1
2024-06-02 23:52:29,  [32minfo[39m, /*code,*/ Node N1s1 - Heartbeat timeout, promoting to candidate
2024-06-02 23:52:29,  [32minfo[39m, /*code,*/ Node N1s1 - I am a candidate
2024-06-02 23:52:29,  [32minfo[39m, /*code,*/ Node N1s1 - Term changed to 1
2024-06-02 23:52:29,  [32minfo[39m, /*code,*/ Node N1s1 - Term changed to 2
2024-06-02 23:52:29,  [32minfo[39m, /*code,*/ Packet sent to http://localhost:3100
2024-06-02 23:52:29,  [32minfo[39m, /*code,*/ Packet sent to http://localhost:3120
2024-06-02 23:52:29,  [32minfo[39m, /*code,*/ Packet sent to http://localhost:3130
2024-06-02 23:52:29,  [32minfo[39m, /*code,*/ Packet sent to http://localhost:3120
2024-06-02 23:52:29,  [32minfo[39m, /*code,*/ Packet sent to http://localhost:3100
2024-06-02 23:52:29,  [32minfo[39m, /*code,*/ Packet sent to http://localhost:3130
2024-06-02 23:52:29,  [32minfo[39m, /*code,*/ Node N1s1 - Received Raft message: {"state":2,"term":3,"address":"http://localhost:3100","type":"vote","leader":"","last":{"index":0,"term":0,"data":null}}
2024-06-02 23:52:29,  [32minfo[39m, /*code,*/ Node N1s1 - Received vote request from http://localhost:3100
2024-06-02 23:52:29,  [32minfo[39m, /*code,*/ Received vote response from http://localhost:3100 for term 3, voteGranted: true
2024-06-02 23:52:29,  [32minfo[39m, /*code,*/ Stepped down to follower for term 3
2024-06-02 23:52:29,  [32minfo[39m, /*code,*/ Node N1s1 - I am the leader
2024-06-02 23:52:29,  [32minfo[39m, /*code,*/ Node http://localhost:3110 - Elected as leader for term 3
2024-06-02 23:52:29,  [32minfo[39m, /*code,*/ Node N1s1 - Received Raft message: {"state":2,"term":4,"address":"http://localhost:3100","type":"vote","leader":"","last":{"index":0,"term":0,"data":null}}
2024-06-02 23:52:29,  [32minfo[39m, /*code,*/ Node N1s1 - Received vote request from http://localhost:3100
2024-06-02 23:52:29,  [32minfo[39m, /*code,*/ Received vote response from http://localhost:3100 for term 4, voteGranted: true
2024-06-02 23:52:29,  [32minfo[39m, /*code,*/ Stepped down to follower for term 4
2024-06-02 23:52:29,  [32minfo[39m, /*code,*/ Node N1s1 - I am the leader
2024-06-02 23:52:29,  [32minfo[39m, /*code,*/ Node http://localhost:3110 - Elected as leader for term 4
2024-06-02 23:52:31,  [32minfo[39m, /*code,*/ Node N1s1 - Received Raft message: {"state":2,"term":5,"address":"http://localhost:3120","type":"vote","leader":"","last":{"index":0,"term":0,"data":null}}
2024-06-02 23:52:31,  [32minfo[39m, /*code,*/ Node N1s1 - Received vote request from http://localhost:3120
2024-06-02 23:52:31,  [32minfo[39m, /*code,*/ Received vote response from http://localhost:3120 for term 5, voteGranted: true
2024-06-02 23:52:31,  [32minfo[39m, /*code,*/ Stepped down to follower for term 5
2024-06-02 23:52:31,  [32minfo[39m, /*code,*/ Node N1s1 - I am the leader
2024-06-02 23:52:31,  [32minfo[39m, /*code,*/ Node http://localhost:3110 - Elected as leader for term 5
2024-06-02 23:52:31,  [32minfo[39m, /*code,*/ Node N1s1 - Received Raft message: {"state":2,"term":6,"address":"http://localhost:3120","type":"vote","leader":"","last":{"index":0,"term":0,"data":null}}
2024-06-02 23:52:31,  [32minfo[39m, /*code,*/ Node N1s1 - Received vote request from http://localhost:3120
2024-06-02 23:52:31,  [32minfo[39m, /*code,*/ Received vote response from http://localhost:3120 for term 6, voteGranted: true
2024-06-02 23:52:31,  [32minfo[39m, /*code,*/ Stepped down to follower for term 6
2024-06-02 23:52:31,  [32minfo[39m, /*code,*/ Node N1s1 - I am the leader
2024-06-02 23:52:31,  [32minfo[39m, /*code,*/ Node http://localhost:3110 - Elected as leader for term 6
2024-06-02 23:52:31,  [32minfo[39m, /*code,*/ Node N1s1 - Received Raft message: {"state":2,"term":7,"address":"http://localhost:3130","type":"vote","leader":"","last":{"index":0,"term":0,"data":null}}
2024-06-02 23:52:31,  [32minfo[39m, /*code,*/ Node N1s1 - Received vote request from http://localhost:3130
2024-06-02 23:52:31,  [32minfo[39m, /*code,*/ Received vote response from http://localhost:3130 for term 7, voteGranted: true
2024-06-02 23:52:31,  [32minfo[39m, /*code,*/ Stepped down to follower for term 7
2024-06-02 23:52:31,  [32minfo[39m, /*code,*/ Node N1s1 - I am the leader
2024-06-02 23:52:31,  [32minfo[39m, /*code,*/ Node http://localhost:3110 - Elected as leader for term 7
2024-06-02 23:52:31,  [32minfo[39m, /*code,*/ Node N1s1 - Received Raft message: {"state":2,"term":8,"address":"http://localhost:3130","type":"vote","leader":"","last":{"index":0,"term":0,"data":null}}
2024-06-02 23:52:31,  [32minfo[39m, /*code,*/ Node N1s1 - Received vote request from http://localhost:3130
2024-06-02 23:52:31,  [32minfo[39m, /*code,*/ Received vote response from http://localhost:3130 for term 8, voteGranted: true
2024-06-02 23:52:31,  [32minfo[39m, /*code,*/ Stepped down to follower for term 8
2024-06-02 23:52:31,  [32minfo[39m, /*code,*/ Node N1s1 - I am the leader
2024-06-02 23:52:31,  [32minfo[39m, /*code,*/ Node http://localhost:3110 - Elected as leader for term 8
2024-06-02 23:52:33,  [32minfo[39m, /*code,*/ Node N1s1 - I am a candidate
2024-06-02 23:52:33,  [32minfo[39m, /*code,*/ Node N1s1 - Term changed to 9
2024-06-02 23:52:33,  [32minfo[39m, /*code,*/ Packet sent to http://localhost:3130
2024-06-02 23:52:33,  [32minfo[39m, /*code,*/ Packet sent to http://localhost:3120
2024-06-02 23:52:33,  [32minfo[39m, /*code,*/ Packet sent to http://localhost:3100
2024-06-02 23:52:33,  [32minfo[39m, /*code,*/ Node N1s1 - Received Raft message: {"state":2,"term":10,"address":"http://localhost:3100","type":"vote","leader":"","last":{"index":0,"term":0,"data":null}}
2024-06-02 23:52:33,  [32minfo[39m, /*code,*/ Node N1s1 - Received vote request from http://localhost:3100
2024-06-02 23:52:33,  [32minfo[39m, /*code,*/ Received vote response from http://localhost:3100 for term 10, voteGranted: true
2024-06-02 23:52:33,  [32minfo[39m, /*code,*/ Stepped down to follower for term 10
2024-06-02 23:52:33,  [32minfo[39m, /*code,*/ Node N1s1 - I am the leader
2024-06-02 23:52:33,  [32minfo[39m, /*code,*/ Node http://localhost:3110 - Elected as leader for term 10
2024-06-02 23:52:34,  [32minfo[39m, /*code,*/ Node N1s1 - Received Raft message: {"state":2,"term":11,"address":"http://localhost:3120","type":"vote","leader":"","last":{"index":0,"term":0,"data":null}}
2024-06-02 23:52:34,  [32minfo[39m, /*code,*/ Node N1s1 - Received vote request from http://localhost:3120
2024-06-02 23:52:34,  [32minfo[39m, /*code,*/ Received vote response from http://localhost:3120 for term 11, voteGranted: true
2024-06-02 23:52:34,  [32minfo[39m, /*code,*/ Stepped down to follower for term 11
2024-06-02 23:52:34,  [32minfo[39m, /*code,*/ Node N1s1 - I am the leader
2024-06-02 23:52:34,  [32minfo[39m, /*code,*/ Node http://localhost:3110 - Elected as leader for term 11
2024-06-02 23:52:36,  [32minfo[39m, /*code,*/ Node N1s1 - Received Raft message: {"state":2,"term":12,"address":"http://localhost:3130","type":"vote","leader":"","last":{"index":0,"term":0,"data":null}}
2024-06-02 23:52:36,  [32minfo[39m, /*code,*/ Node N1s1 - Received vote request from http://localhost:3130
2024-06-02 23:52:36,  [32minfo[39m, /*code,*/ Received vote response from http://localhost:3130 for term 12, voteGranted: true
2024-06-02 23:52:36,  [32minfo[39m, /*code,*/ Stepped down to follower for term 12
2024-06-02 23:52:36,  [32minfo[39m, /*code,*/ Node N1s1 - I am the leader
2024-06-02 23:52:36,  [32minfo[39m, /*code,*/ Node http://localhost:3110 - Elected as leader for term 12
2024-06-02 23:52:38,  [32minfo[39m, /*code,*/ Node N1s1 - I am a candidate
2024-06-02 23:52:38,  [32minfo[39m, /*code,*/ Node N1s1 - Term changed to 13
2024-06-02 23:52:38,  [32minfo[39m, /*code,*/ Packet sent to http://localhost:3100
2024-06-02 23:52:38,  [32minfo[39m, /*code,*/ Packet sent to http://localhost:3120
2024-06-02 23:52:38,  [32minfo[39m, /*code,*/ Packet sent to http://localhost:3130
2024-06-02 23:52:38,  [32minfo[39m, /*code,*/ Node N1s1 - Received Raft message: {"state":2,"term":14,"address":"http://localhost:3100","type":"vote","leader":"","last":{"index":0,"term":0,"data":null}}
2024-06-02 23:52:38,  [32minfo[39m, /*code,*/ Node N1s1 - Received vote request from http://localhost:3100
2024-06-02 23:52:38,  [32minfo[39m, /*code,*/ Received vote response from http://localhost:3100 for term 14, voteGranted: true
2024-06-02 23:52:38,  [32minfo[39m, /*code,*/ Stepped down to follower for term 14
2024-06-02 23:52:38,  [32minfo[39m, /*code,*/ Node N1s1 - I am the leader
2024-06-02 23:52:38,  [32minfo[39m, /*code,*/ Node http://localhost:3110 - Elected as leader for term 14
2024-06-02 23:52:39,  [32minfo[39m, /*code,*/ Node N1s1 - Received Raft message: {"state":2,"term":15,"address":"http://localhost:3120","type":"vote","leader":"","last":{"index":0,"term":0,"data":null}}
2024-06-02 23:52:39,  [32minfo[39m, /*code,*/ Node N1s1 - Received vote request from http://localhost:3120
2024-06-02 23:52:39,  [32minfo[39m, /*code,*/ Received vote response from http://localhost:3120 for term 15, voteGranted: true
2024-06-02 23:52:39,  [32minfo[39m, /*code,*/ Stepped down to follower for term 15
2024-06-02 23:52:39,  [32minfo[39m, /*code,*/ Node N1s1 - I am the leader
2024-06-02 23:52:39,  [32minfo[39m, /*code,*/ Node http://localhost:3110 - Elected as leader for term 15
2024-06-02 23:52:41,  [32minfo[39m, /*code,*/ Node N1s1 - Received Raft message: {"state":2,"term":16,"address":"http://localhost:3100","type":"vote","leader":"","last":{"index":0,"term":0,"data":null}}
2024-06-02 23:52:41,  [32minfo[39m, /*code,*/ Node N1s1 - Received vote request from http://localhost:3100
2024-06-02 23:52:41,  [32minfo[39m, /*code,*/ Received vote response from http://localhost:3100 for term 16, voteGranted: true
2024-06-02 23:52:41,  [32minfo[39m, /*code,*/ Stepped down to follower for term 16
2024-06-02 23:52:41,  [32minfo[39m, /*code,*/ Node N1s1 - I am the leader
2024-06-02 23:52:41,  [32minfo[39m, /*code,*/ Node http://localhost:3110 - Elected as leader for term 16
2024-06-02 23:52:42,  [32minfo[39m, /*code,*/ Node N1s1 - Received Raft message: {"state":2,"term":17,"address":"http://localhost:3130","type":"vote","leader":"","last":{"index":0,"term":0,"data":null}}
2024-06-02 23:52:42,  [32minfo[39m, /*code,*/ Node N1s1 - Received vote request from http://localhost:3130
2024-06-02 23:52:42,  [32minfo[39m, /*code,*/ Received vote response from http://localhost:3130 for term 17, voteGranted: true
2024-06-02 23:52:42,  [32minfo[39m, /*code,*/ Stepped down to follower for term 17
2024-06-02 23:52:42,  [32minfo[39m, /*code,*/ Node N1s1 - I am the leader
2024-06-02 23:52:42,  [32minfo[39m, /*code,*/ Node http://localhost:3110 - Elected as leader for term 17
2024-06-02 23:52:43,  [32minfo[39m, /*code,*/ Node N1s1 - Received Raft message: {"state":2,"term":18,"address":"http://localhost:3120","type":"vote","leader":"","last":{"index":0,"term":0,"data":null}}
2024-06-02 23:52:43,  [32minfo[39m, /*code,*/ Node N1s1 - Received vote request from http://localhost:3120
2024-06-02 23:52:43,  [32minfo[39m, /*code,*/ Received vote response from http://localhost:3120 for term 18, voteGranted: true
2024-06-02 23:52:43,  [32minfo[39m, /*code,*/ Stepped down to follower for term 18
2024-06-02 23:52:43,  [32minfo[39m, /*code,*/ Node N1s1 - I am the leader
2024-06-02 23:52:43,  [32minfo[39m, /*code,*/ Node http://localhost:3110 - Elected as leader for term 18
2024-06-02 23:52:43,  [32minfo[39m, /*code,*/ Node N1s1 - I am a candidate
2024-06-02 23:52:43,  [32minfo[39m, /*code,*/ Node N1s1 - Term changed to 19
2024-06-02 23:52:43,  [32minfo[39m, /*code,*/ Packet sent to http://localhost:3100
2024-06-02 23:52:43,  [32minfo[39m, /*code,*/ Packet sent to http://localhost:3120
2024-06-02 23:52:43,  [32minfo[39m, /*code,*/ Packet sent to http://localhost:3130
2024-06-02 23:52:46,  [32minfo[39m, /*code,*/ Node N1s1 - Received Raft message: {"state":2,"term":20,"address":"http://localhost:3100","type":"vote","leader":"","last":{"index":0,"term":0,"data":null}}
2024-06-02 23:52:46,  [32minfo[39m, /*code,*/ Node N1s1 - Received vote request from http://localhost:3100
2024-06-02 23:52:46,  [32minfo[39m, /*code,*/ Received vote response from http://localhost:3100 for term 20, voteGranted: true
2024-06-02 23:52:46,  [32minfo[39m, /*code,*/ Stepped down to follower for term 20
2024-06-02 23:52:46,  [32minfo[39m, /*code,*/ Node N1s1 - I am the leader
2024-06-02 23:52:46,  [32minfo[39m, /*code,*/ Node http://localhost:3110 - Elected as leader for term 20
2024-06-02 23:52:47,  [32minfo[39m, /*code,*/ Node N1s1 - Received Raft message: {"state":2,"term":21,"address":"http://localhost:3130","type":"vote","leader":"","last":{"index":0,"term":0,"data":null}}
2024-06-02 23:52:47,  [32minfo[39m, /*code,*/ Node N1s1 - Received vote request from http://localhost:3130
2024-06-02 23:52:47,  [32minfo[39m, /*code,*/ Received vote response from http://localhost:3130 for term 21, voteGranted: true
2024-06-02 23:52:47,  [32minfo[39m, /*code,*/ Stepped down to follower for term 21
2024-06-02 23:52:47,  [32minfo[39m, /*code,*/ Node N1s1 - I am the leader
2024-06-02 23:52:47,  [32minfo[39m, /*code,*/ Node http://localhost:3110 - Elected as leader for term 21
2024-06-02 23:52:48,  [32minfo[39m, /*code,*/ Node N1s1 - Received Raft message: {"state":2,"term":22,"address":"http://localhost:3120","type":"vote","leader":"","last":{"index":0,"term":0,"data":null}}
2024-06-02 23:52:48,  [32minfo[39m, /*code,*/ Node N1s1 - Received vote request from http://localhost:3120
2024-06-02 23:52:48,  [32minfo[39m, /*code,*/ Received vote response from http://localhost:3120 for term 22, voteGranted: true
2024-06-02 23:52:48,  [32minfo[39m, /*code,*/ Stepped down to follower for term 22
2024-06-02 23:52:48,  [32minfo[39m, /*code,*/ Node N1s1 - I am the leader
2024-06-02 23:52:48,  [32minfo[39m, /*code,*/ Node http://localhost:3110 - Elected as leader for term 22
2024-06-02 23:52:48,  [32minfo[39m, /*code,*/ Node N1s1 - I am a candidate
2024-06-02 23:52:48,  [32minfo[39m, /*code,*/ Node N1s1 - Term changed to 23
2024-06-02 23:52:48,  [32minfo[39m, /*code,*/ Packet sent to http://localhost:3100
2024-06-02 23:52:48,  [32minfo[39m, /*code,*/ Packet sent to http://localhost:3120
2024-06-02 23:52:48,  [32minfo[39m, /*code,*/ Packet sent to http://localhost:3130
2024-06-02 23:52:50,  [32minfo[39m, /*code,*/ Node N1s1 - Received Raft message: {"state":2,"term":24,"address":"http://localhost:3100","type":"vote","leader":"","last":{"index":0,"term":0,"data":null}}
2024-06-02 23:52:50,  [32minfo[39m, /*code,*/ Node N1s1 - Received vote request from http://localhost:3100
2024-06-02 23:52:50,  [32minfo[39m, /*code,*/ Received vote response from http://localhost:3100 for term 24, voteGranted: true
2024-06-02 23:52:50,  [32minfo[39m, /*code,*/ Stepped down to follower for term 24
2024-06-02 23:52:50,  [32minfo[39m, /*code,*/ Node N1s1 - I am the leader
2024-06-02 23:52:50,  [32minfo[39m, /*code,*/ Node http://localhost:3110 - Elected as leader for term 24
2024-06-02 23:52:52,  [32minfo[39m, /*code,*/ Node N1s1 - I am a candidate
2024-06-02 23:52:52,  [32minfo[39m, /*code,*/ Node N1s1 - Term changed to 25
2024-06-02 23:52:52,  [32minfo[39m, /*code,*/ Packet sent to http://localhost:3100
2024-06-02 23:52:52,  [32minfo[39m, /*code,*/ Packet sent to http://localhost:3130
2024-06-02 23:52:52,  [32minfo[39m, /*code,*/ Packet sent to http://localhost:3120
2024-06-02 23:52:52,  [32minfo[39m, /*code,*/ Node N1s1 - Received Raft message: {"state":2,"term":26,"address":"http://localhost:3130","type":"vote","leader":"","last":{"index":0,"term":0,"data":null}}
2024-06-02 23:52:52,  [32minfo[39m, /*code,*/ Node N1s1 - Received vote request from http://localhost:3130
2024-06-02 23:52:52,  [32minfo[39m, /*code,*/ Received vote response from http://localhost:3130 for term 26, voteGranted: true
2024-06-02 23:52:52,  [32minfo[39m, /*code,*/ Stepped down to follower for term 26
2024-06-02 23:52:52,  [32minfo[39m, /*code,*/ Node N1s1 - I am the leader
2024-06-02 23:52:52,  [32minfo[39m, /*code,*/ Node http://localhost:3110 - Elected as leader for term 26
2024-06-02 23:52:53,  [32minfo[39m, /*code,*/ Node N1s1 - Received Raft message: {"state":2,"term":27,"address":"http://localhost:3120","type":"vote","leader":"","last":{"index":0,"term":0,"data":null}}
2024-06-02 23:52:53,  [32minfo[39m, /*code,*/ Node N1s1 - Received vote request from http://localhost:3120
2024-06-02 23:52:53,  [32minfo[39m, /*code,*/ Received vote response from http://localhost:3120 for term 27, voteGranted: true
2024-06-02 23:52:53,  [32minfo[39m, /*code,*/ Stepped down to follower for term 27
2024-06-02 23:52:53,  [32minfo[39m, /*code,*/ Node N1s1 - I am the leader
2024-06-02 23:52:53,  [32minfo[39m, /*code,*/ Node http://localhost:3110 - Elected as leader for term 27
2024-06-02 23:52:55,  [32minfo[39m, /*code,*/ Node N1s1 - Received Raft message: {"state":2,"term":28,"address":"http://localhost:3100","type":"vote","leader":"","last":{"index":0,"term":0,"data":null}}
2024-06-02 23:52:55,  [32minfo[39m, /*code,*/ Node N1s1 - Received vote request from http://localhost:3100
2024-06-02 23:52:55,  [32minfo[39m, /*code,*/ Received vote response from http://localhost:3100 for term 28, voteGranted: true
2024-06-02 23:52:55,  [32minfo[39m, /*code,*/ Stepped down to follower for term 28
2024-06-02 23:52:55,  [32minfo[39m, /*code,*/ Node N1s1 - I am the leader
2024-06-02 23:52:55,  [32minfo[39m, /*code,*/ Node http://localhost:3110 - Elected as leader for term 28
2024-06-02 23:52:55,  [32minfo[39m, /*code,*/ Node N1s1 - I am a candidate
2024-06-02 23:52:55,  [32minfo[39m, /*code,*/ Node N1s1 - Term changed to 29
2024-06-02 23:52:56,  [32minfo[39m, /*code,*/ Packet sent to http://localhost:3130
2024-06-02 23:52:56,  [32minfo[39m, /*code,*/ Packet sent to http://localhost:3100
2024-06-02 23:52:56,  [32minfo[39m, /*code,*/ Packet sent to http://localhost:3120
2024-06-02 23:52:57,  [32minfo[39m, /*code,*/ Node N1s1 - Received Raft message: {"state":2,"term":30,"address":"http://localhost:3120","type":"vote","leader":"","last":{"index":0,"term":0,"data":null}}
2024-06-02 23:52:57,  [32minfo[39m, /*code,*/ Node N1s1 - Received vote request from http://localhost:3120
2024-06-02 23:52:57,  [32minfo[39m, /*code,*/ Received vote response from http://localhost:3120 for term 30, voteGranted: true
2024-06-02 23:52:57,  [32minfo[39m, /*code,*/ Stepped down to follower for term 30
2024-06-02 23:52:57,  [32minfo[39m, /*code,*/ Node N1s1 - I am the leader
2024-06-02 23:52:57,  [32minfo[39m, /*code,*/ Node http://localhost:3110 - Elected as leader for term 30
2024-06-02 23:52:58,  [32minfo[39m, /*code,*/ Node N1s1 - Received Raft message: {"state":2,"term":31,"address":"http://localhost:3130","type":"vote","leader":"","last":{"index":0,"term":0,"data":null}}
2024-06-02 23:52:58,  [32minfo[39m, /*code,*/ Node N1s1 - Received vote request from http://localhost:3130
2024-06-02 23:52:58,  [32minfo[39m, /*code,*/ Received vote response from http://localhost:3130 for term 31, voteGranted: true
2024-06-02 23:52:58,  [32minfo[39m, /*code,*/ Stepped down to follower for term 31
2024-06-02 23:52:58,  [32minfo[39m, /*code,*/ Node N1s1 - I am the leader
2024-06-02 23:52:58,  [32minfo[39m, /*code,*/ Node http://localhost:3110 - Elected as leader for term 31
2024-06-02 23:53:00,  [32minfo[39m, /*code,*/ Node N1s1 - Received Raft message: {"state":2,"term":32,"address":"http://localhost:3100","type":"vote","leader":"","last":{"index":0,"term":0,"data":null}}
2024-06-02 23:53:00,  [32minfo[39m, /*code,*/ Node N1s1 - Received vote request from http://localhost:3100
2024-06-02 23:53:00,  [32minfo[39m, /*code,*/ Received vote response from http://localhost:3100 for term 32, voteGranted: true
2024-06-02 23:53:00,  [32minfo[39m, /*code,*/ Stepped down to follower for term 32
2024-06-02 23:53:00,  [32minfo[39m, /*code,*/ Node N1s1 - I am the leader
2024-06-02 23:53:00,  [32minfo[39m, /*code,*/ Node http://localhost:3110 - Elected as leader for term 32
2024-06-02 23:53:00,  [32minfo[39m, /*code,*/ Node N1s1 - I am a candidate
2024-06-02 23:53:00,  [32minfo[39m, /*code,*/ Node N1s1 - Term changed to 33
2024-06-02 23:53:00,  [32minfo[39m, /*code,*/ Packet sent to http://localhost:3100
2024-06-02 23:53:00,  [32minfo[39m, /*code,*/ Packet sent to http://localhost:3120
2024-06-02 23:53:00,  [32minfo[39m, /*code,*/ Packet sent to http://localhost:3130
2024-06-02 23:53:00,  [32minfo[39m, /*code,*/ Node N1s1 - Received Raft message: {"state":2,"term":34,"address":"http://localhost:3120","type":"vote","leader":"","last":{"index":0,"term":0,"data":null}}
2024-06-02 23:53:00,  [32minfo[39m, /*code,*/ Node N1s1 - Received vote request from http://localhost:3120
2024-06-02 23:53:00,  [32minfo[39m, /*code,*/ Received vote response from http://localhost:3120 for term 34, voteGranted: true
2024-06-02 23:53:00,  [32minfo[39m, /*code,*/ Stepped down to follower for term 34
2024-06-02 23:53:00,  [32minfo[39m, /*code,*/ Node N1s1 - I am the leader
2024-06-02 23:53:00,  [32minfo[39m, /*code,*/ Node http://localhost:3110 - Elected as leader for term 34
2024-06-02 23:53:02,  [32minfo[39m, /*code,*/ Node N1s1 - Received Raft message: {"state":2,"term":35,"address":"http://localhost:3130","type":"vote","leader":"","last":{"index":0,"term":0,"data":null}}
2024-06-02 23:53:02,  [32minfo[39m, /*code,*/ Node N1s1 - Received vote request from http://localhost:3130
2024-06-02 23:53:02,  [32minfo[39m, /*code,*/ Received vote response from http://localhost:3130 for term 35, voteGranted: true
2024-06-02 23:53:02,  [32minfo[39m, /*code,*/ Stepped down to follower for term 35
2024-06-02 23:53:02,  [32minfo[39m, /*code,*/ Node N1s1 - I am the leader
2024-06-02 23:53:02,  [32minfo[39m, /*code,*/ Node http://localhost:3110 - Elected as leader for term 35
2024-06-02 23:53:03,  [32minfo[39m, /*code,*/ Node N1s1 - I am a candidate
2024-06-02 23:53:03,  [32minfo[39m, /*code,*/ Node N1s1 - Term changed to 36
2024-06-02 23:53:03,  [32minfo[39m, /*code,*/ Packet sent to http://localhost:3100
2024-06-02 23:53:03,  [32minfo[39m, /*code,*/ Packet sent to http://localhost:3120
2024-06-02 23:53:03,  [32minfo[39m, /*code,*/ Packet sent to http://localhost:3130
