2024-06-02 23:52:26,  [32minfo[39m, /*code,*/ Node N2s1 - Joining peer at http://localhost:3200
2024-06-02 23:52:26,  [32minfo[39m, /*code,*/ Node N2s1 - Joining peer at http://localhost:3220
2024-06-02 23:52:26,  [32minfo[39m, /*code,*/ Node N2s1 - Joining peer at http://localhost:3230
2024-06-02 23:52:26,  [32minfo[39m, /*code,*/ DN server running on port 3210 as N2s1
2024-06-02 23:52:30,  [32minfo[39m, /*code,*/ Node N2s1 - Received Raft message: {"state":2,"term":1,"address":"http://localhost:3200","type":"vote","leader":"","last":{"index":0,"term":0,"data":null}}
2024-06-02 23:52:30,  [32minfo[39m, /*code,*/ Node N2s1 - Received vote request from http://localhost:3200
2024-06-02 23:52:30,  [32minfo[39m, /*code,*/ Received vote response from http://localhost:3200 for term 1, voteGranted: true
2024-06-02 23:52:30,  [32minfo[39m, /*code,*/ Stepped down to follower for term 1
2024-06-02 23:52:30,  [32minfo[39m, /*code,*/ Node N2s1 - Received Raft message: {"state":2,"term":2,"address":"http://localhost:3200","type":"vote","leader":"","last":{"index":0,"term":0,"data":null}}
2024-06-02 23:52:30,  [32minfo[39m, /*code,*/ Node N2s1 - Received vote request from http://localhost:3200
2024-06-02 23:52:30,  [32minfo[39m, /*code,*/ Received vote response from http://localhost:3200 for term 2, voteGranted: true
2024-06-02 23:52:30,  [32minfo[39m, /*code,*/ Stepped down to follower for term 2
2024-06-02 23:52:31,  [32minfo[39m, /*code,*/ Node N2s1 - Received Raft message: {"state":2,"term":3,"address":"http://localhost:3230","type":"vote","leader":"","last":{"index":0,"term":0,"data":null}}
2024-06-02 23:52:31,  [32minfo[39m, /*code,*/ Node N2s1 - Received vote request from http://localhost:3230
2024-06-02 23:52:31,  [32minfo[39m, /*code,*/ Received vote response from http://localhost:3230 for term 3, voteGranted: true
2024-06-02 23:52:31,  [32minfo[39m, /*code,*/ Stepped down to follower for term 3
2024-06-02 23:52:31,  [32minfo[39m, /*code,*/ Node N2s1 - Received Raft message: {"state":2,"term":4,"address":"http://localhost:3230","type":"vote","leader":"","last":{"index":0,"term":0,"data":null}}
2024-06-02 23:52:31,  [32minfo[39m, /*code,*/ Node N2s1 - Received vote request from http://localhost:3230
2024-06-02 23:52:31,  [32minfo[39m, /*code,*/ Received vote response from http://localhost:3230 for term 4, voteGranted: true
2024-06-02 23:52:31,  [32minfo[39m, /*code,*/ Stepped down to follower for term 4
2024-06-02 23:52:31,  [32minfo[39m, /*code,*/ Node N2s1 - Received Raft message: {"state":2,"term":5,"address":"http://localhost:3220","type":"vote","leader":"","last":{"index":0,"term":0,"data":null}}
2024-06-02 23:52:31,  [32minfo[39m, /*code,*/ Node N2s1 - Received vote request from http://localhost:3220
2024-06-02 23:52:31,  [32minfo[39m, /*code,*/ Received vote response from http://localhost:3220 for term 5, voteGranted: true
2024-06-02 23:52:31,  [32minfo[39m, /*code,*/ Stepped down to follower for term 5
2024-06-02 23:52:31,  [32minfo[39m, /*code,*/ Node N2s1 - I am the leader
2024-06-02 23:52:31,  [32minfo[39m, /*code,*/ Node http://localhost:3210 - Elected as leader for term 5
2024-06-02 23:52:31,  [32minfo[39m, /*code,*/ Node N2s1 - Received Raft message: {"state":2,"term":6,"address":"http://localhost:3220","type":"vote","leader":"","last":{"index":0,"term":0,"data":null}}
2024-06-02 23:52:31,  [32minfo[39m, /*code,*/ Node N2s1 - Received vote request from http://localhost:3220
2024-06-02 23:52:31,  [32minfo[39m, /*code,*/ Received vote response from http://localhost:3220 for term 6, voteGranted: true
2024-06-02 23:52:31,  [32minfo[39m, /*code,*/ Stepped down to follower for term 6
2024-06-02 23:52:31,  [32minfo[39m, /*code,*/ Node N2s1 - I am the leader
2024-06-02 23:52:31,  [32minfo[39m, /*code,*/ Node http://localhost:3210 - Elected as leader for term 6
2024-06-02 23:52:32,  [32minfo[39m, /*code,*/ Node N2s1 - Heartbeat timeout, promoting to candidate
2024-06-02 23:52:32,  [32minfo[39m, /*code,*/ Node N2s1 - I am a candidate
2024-06-02 23:52:32,  [32minfo[39m, /*code,*/ Node N2s1 - Term changed to 7
2024-06-02 23:52:32,  [32minfo[39m, /*code,*/ Node N2s1 - Term changed to 8
2024-06-02 23:52:32,  [32minfo[39m, /*code,*/ Packet sent to http://localhost:3200
2024-06-02 23:52:32,  [32minfo[39m, /*code,*/ Packet sent to http://localhost:3200
2024-06-02 23:52:32,  [32minfo[39m, /*code,*/ Packet sent to http://localhost:3220
2024-06-02 23:52:32,  [32minfo[39m, /*code,*/ Packet sent to http://localhost:3230
2024-06-02 23:52:32,  [32minfo[39m, /*code,*/ Packet sent to http://localhost:3230
2024-06-02 23:52:32,  [32minfo[39m, /*code,*/ Packet sent to http://localhost:3220
2024-06-02 23:52:34,  [32minfo[39m, /*code,*/ Node N2s1 - Received Raft message: {"state":2,"term":9,"address":"http://localhost:3230","type":"vote","leader":"","last":{"index":0,"term":0,"data":null}}
2024-06-02 23:52:34,  [32minfo[39m, /*code,*/ Node N2s1 - Received vote request from http://localhost:3230
2024-06-02 23:52:34,  [32minfo[39m, /*code,*/ Received vote response from http://localhost:3230 for term 9, voteGranted: true
2024-06-02 23:52:34,  [32minfo[39m, /*code,*/ Stepped down to follower for term 9
2024-06-02 23:52:34,  [32minfo[39m, /*code,*/ Node N2s1 - I am the leader
2024-06-02 23:52:34,  [32minfo[39m, /*code,*/ Node http://localhost:3210 - Elected as leader for term 9
2024-06-02 23:52:35,  [32minfo[39m, /*code,*/ Node N2s1 - Received Raft message: {"state":2,"term":10,"address":"http://localhost:3220","type":"vote","leader":"","last":{"index":0,"term":0,"data":null}}
2024-06-02 23:52:35,  [32minfo[39m, /*code,*/ Node N2s1 - Received vote request from http://localhost:3220
2024-06-02 23:52:35,  [32minfo[39m, /*code,*/ Received vote response from http://localhost:3220 for term 10, voteGranted: true
2024-06-02 23:52:35,  [32minfo[39m, /*code,*/ Stepped down to follower for term 10
2024-06-02 23:52:35,  [32minfo[39m, /*code,*/ Node N2s1 - I am the leader
2024-06-02 23:52:35,  [32minfo[39m, /*code,*/ Node http://localhost:3210 - Elected as leader for term 10
2024-06-02 23:52:35,  [32minfo[39m, /*code,*/ Node N2s1 - Received Raft message: {"state":2,"term":11,"address":"http://localhost:3200","type":"vote","leader":"","last":{"index":0,"term":0,"data":null}}
2024-06-02 23:52:35,  [32minfo[39m, /*code,*/ Node N2s1 - Received vote request from http://localhost:3200
2024-06-02 23:52:35,  [32minfo[39m, /*code,*/ Received vote response from http://localhost:3200 for term 11, voteGranted: true
2024-06-02 23:52:35,  [32minfo[39m, /*code,*/ Stepped down to follower for term 11
2024-06-02 23:52:35,  [32minfo[39m, /*code,*/ Node N2s1 - I am the leader
2024-06-02 23:52:35,  [32minfo[39m, /*code,*/ Node http://localhost:3210 - Elected as leader for term 11
2024-06-02 23:52:35,  [32minfo[39m, /*code,*/ Node N2s1 - I am a candidate
2024-06-02 23:52:35,  [32minfo[39m, /*code,*/ Node N2s1 - Term changed to 12
2024-06-02 23:52:35,  [32minfo[39m, /*code,*/ Packet sent to http://localhost:3200
2024-06-02 23:52:35,  [32minfo[39m, /*code,*/ Packet sent to http://localhost:3230
2024-06-02 23:52:35,  [32minfo[39m, /*code,*/ Packet sent to http://localhost:3220
2024-06-02 23:52:39,  [32minfo[39m, /*code,*/ Node N2s1 - Received Raft message: {"state":2,"term":13,"address":"http://localhost:3200","type":"vote","leader":"","last":{"index":0,"term":0,"data":null}}
2024-06-02 23:52:39,  [32minfo[39m, /*code,*/ Node N2s1 - Received vote request from http://localhost:3200
2024-06-02 23:52:39,  [32minfo[39m, /*code,*/ Received vote response from http://localhost:3200 for term 13, voteGranted: true
2024-06-02 23:52:39,  [32minfo[39m, /*code,*/ Stepped down to follower for term 13
2024-06-02 23:52:39,  [32minfo[39m, /*code,*/ Node N2s1 - I am the leader
2024-06-02 23:52:39,  [32minfo[39m, /*code,*/ Node http://localhost:3210 - Elected as leader for term 13
2024-06-02 23:52:40,  [32minfo[39m, /*code,*/ Node N2s1 - Received Raft message: {"state":2,"term":14,"address":"http://localhost:3230","type":"vote","leader":"","last":{"index":0,"term":0,"data":null}}
2024-06-02 23:52:40,  [32minfo[39m, /*code,*/ Node N2s1 - Received vote request from http://localhost:3230
2024-06-02 23:52:40,  [32minfo[39m, /*code,*/ Received vote response from http://localhost:3230 for term 14, voteGranted: true
2024-06-02 23:52:40,  [32minfo[39m, /*code,*/ Stepped down to follower for term 14
2024-06-02 23:52:40,  [32minfo[39m, /*code,*/ Node N2s1 - I am the leader
2024-06-02 23:52:40,  [32minfo[39m, /*code,*/ Node http://localhost:3210 - Elected as leader for term 14
2024-06-02 23:52:41,  [32minfo[39m, /*code,*/ Node N2s1 - Received Raft message: {"state":2,"term":15,"address":"http://localhost:3220","type":"vote","leader":"","last":{"index":0,"term":0,"data":null}}
2024-06-02 23:52:41,  [32minfo[39m, /*code,*/ Node N2s1 - Received vote request from http://localhost:3220
2024-06-02 23:52:41,  [32minfo[39m, /*code,*/ Received vote response from http://localhost:3220 for term 15, voteGranted: true
2024-06-02 23:52:41,  [32minfo[39m, /*code,*/ Stepped down to follower for term 15
2024-06-02 23:52:41,  [32minfo[39m, /*code,*/ Node N2s1 - I am the leader
2024-06-02 23:52:41,  [32minfo[39m, /*code,*/ Node http://localhost:3210 - Elected as leader for term 15
2024-06-02 23:52:41,  [32minfo[39m, /*code,*/ Node N2s1 - I am a candidate
2024-06-02 23:52:41,  [32minfo[39m, /*code,*/ Node N2s1 - Term changed to 16
2024-06-02 23:52:41,  [32minfo[39m, /*code,*/ Packet sent to http://localhost:3220
2024-06-02 23:52:41,  [32minfo[39m, /*code,*/ Packet sent to http://localhost:3200
2024-06-02 23:52:41,  [32minfo[39m, /*code,*/ Packet sent to http://localhost:3230
2024-06-02 23:52:42,  [32minfo[39m, /*code,*/ Node N2s1 - Received Raft message: {"state":2,"term":17,"address":"http://localhost:3200","type":"vote","leader":"","last":{"index":0,"term":0,"data":null}}
2024-06-02 23:52:42,  [32minfo[39m, /*code,*/ Node N2s1 - Received vote request from http://localhost:3200
2024-06-02 23:52:42,  [32minfo[39m, /*code,*/ Received vote response from http://localhost:3200 for term 17, voteGranted: true
2024-06-02 23:52:42,  [32minfo[39m, /*code,*/ Stepped down to follower for term 17
2024-06-02 23:52:42,  [32minfo[39m, /*code,*/ Node N2s1 - I am the leader
2024-06-02 23:52:42,  [32minfo[39m, /*code,*/ Node http://localhost:3210 - Elected as leader for term 17
2024-06-02 23:52:45,  [32minfo[39m, /*code,*/ Node N2s1 - Received Raft message: {"state":2,"term":18,"address":"http://localhost:3220","type":"vote","leader":"","last":{"index":0,"term":0,"data":null}}
2024-06-02 23:52:45,  [32minfo[39m, /*code,*/ Node N2s1 - Received vote request from http://localhost:3220
2024-06-02 23:52:45,  [32minfo[39m, /*code,*/ Received vote response from http://localhost:3220 for term 18, voteGranted: true
2024-06-02 23:52:45,  [32minfo[39m, /*code,*/ Stepped down to follower for term 18
2024-06-02 23:52:45,  [32minfo[39m, /*code,*/ Node N2s1 - I am the leader
2024-06-02 23:52:45,  [32minfo[39m, /*code,*/ Node http://localhost:3210 - Elected as leader for term 18
2024-06-02 23:52:45,  [32minfo[39m, /*code,*/ Node N2s1 - Received Raft message: {"state":2,"term":19,"address":"http://localhost:3230","type":"vote","leader":"","last":{"index":0,"term":0,"data":null}}
2024-06-02 23:52:45,  [32minfo[39m, /*code,*/ Node N2s1 - Received vote request from http://localhost:3230
2024-06-02 23:52:45,  [32minfo[39m, /*code,*/ Received vote response from http://localhost:3230 for term 19, voteGranted: true
2024-06-02 23:52:45,  [32minfo[39m, /*code,*/ Stepped down to follower for term 19
2024-06-02 23:52:45,  [32minfo[39m, /*code,*/ Node N2s1 - I am the leader
2024-06-02 23:52:45,  [32minfo[39m, /*code,*/ Node http://localhost:3210 - Elected as leader for term 19
2024-06-02 23:52:46,  [32minfo[39m, /*code,*/ Node N2s1 - I am a candidate
2024-06-02 23:52:46,  [32minfo[39m, /*code,*/ Node N2s1 - Term changed to 20
2024-06-02 23:52:46,  [32minfo[39m, /*code,*/ Packet sent to http://localhost:3200
2024-06-02 23:52:46,  [32minfo[39m, /*code,*/ Packet sent to http://localhost:3230
2024-06-02 23:52:46,  [32minfo[39m, /*code,*/ Packet sent to http://localhost:3220
2024-06-02 23:52:47,  [32minfo[39m, /*code,*/ Node N2s1 - Received Raft message: {"state":2,"term":21,"address":"http://localhost:3200","type":"vote","leader":"","last":{"index":0,"term":0,"data":null}}
2024-06-02 23:52:47,  [32minfo[39m, /*code,*/ Node N2s1 - Received vote request from http://localhost:3200
2024-06-02 23:52:47,  [32minfo[39m, /*code,*/ Received vote response from http://localhost:3200 for term 21, voteGranted: true
2024-06-02 23:52:47,  [32minfo[39m, /*code,*/ Stepped down to follower for term 21
2024-06-02 23:52:47,  [32minfo[39m, /*code,*/ Node N2s1 - I am the leader
2024-06-02 23:52:47,  [32minfo[39m, /*code,*/ Node http://localhost:3210 - Elected as leader for term 21
2024-06-02 23:52:50,  [32minfo[39m, /*code,*/ Node N2s1 - I am a candidate
2024-06-02 23:52:50,  [32minfo[39m, /*code,*/ Node N2s1 - Term changed to 22
2024-06-02 23:52:50,  [32minfo[39m, /*code,*/ Packet sent to http://localhost:3200
2024-06-02 23:52:50,  [32minfo[39m, /*code,*/ Packet sent to http://localhost:3230
2024-06-02 23:52:50,  [32minfo[39m, /*code,*/ Packet sent to http://localhost:3220
2024-06-02 23:52:50,  [32minfo[39m, /*code,*/ Node N2s1 - Received Raft message: {"state":2,"term":23,"address":"http://localhost:3230","type":"vote","leader":"","last":{"index":0,"term":0,"data":null}}
2024-06-02 23:52:50,  [32minfo[39m, /*code,*/ Node N2s1 - Received vote request from http://localhost:3230
2024-06-02 23:52:50,  [32minfo[39m, /*code,*/ Received vote response from http://localhost:3230 for term 23, voteGranted: true
2024-06-02 23:52:50,  [32minfo[39m, /*code,*/ Stepped down to follower for term 23
2024-06-02 23:52:50,  [32minfo[39m, /*code,*/ Node N2s1 - I am the leader
2024-06-02 23:52:50,  [32minfo[39m, /*code,*/ Node http://localhost:3210 - Elected as leader for term 23
2024-06-02 23:52:51,  [32minfo[39m, /*code,*/ Node N2s1 - Received Raft message: {"state":2,"term":24,"address":"http://localhost:3220","type":"vote","leader":"","last":{"index":0,"term":0,"data":null}}
2024-06-02 23:52:51,  [32minfo[39m, /*code,*/ Node N2s1 - Received vote request from http://localhost:3220
2024-06-02 23:52:51,  [32minfo[39m, /*code,*/ Received vote response from http://localhost:3220 for term 24, voteGranted: true
2024-06-02 23:52:51,  [32minfo[39m, /*code,*/ Stepped down to follower for term 24
2024-06-02 23:52:51,  [32minfo[39m, /*code,*/ Node N2s1 - I am the leader
2024-06-02 23:52:51,  [32minfo[39m, /*code,*/ Node http://localhost:3210 - Elected as leader for term 24
2024-06-02 23:52:53,  [32minfo[39m, /*code,*/ Node N2s1 - Received Raft message: {"state":2,"term":25,"address":"http://localhost:3200","type":"vote","leader":"","last":{"index":0,"term":0,"data":null}}
2024-06-02 23:52:53,  [32minfo[39m, /*code,*/ Node N2s1 - Received vote request from http://localhost:3200
2024-06-02 23:52:53,  [32minfo[39m, /*code,*/ Received vote response from http://localhost:3200 for term 25, voteGranted: true
2024-06-02 23:52:53,  [32minfo[39m, /*code,*/ Stepped down to follower for term 25
2024-06-02 23:52:53,  [32minfo[39m, /*code,*/ Node N2s1 - I am the leader
2024-06-02 23:52:53,  [32minfo[39m, /*code,*/ Node http://localhost:3210 - Elected as leader for term 25
2024-06-02 23:52:54,  [32minfo[39m, /*code,*/ Node N2s1 - Received Raft message: {"state":2,"term":26,"address":"http://localhost:3230","type":"vote","leader":"","last":{"index":0,"term":0,"data":null}}
2024-06-02 23:52:54,  [32minfo[39m, /*code,*/ Node N2s1 - Received vote request from http://localhost:3230
2024-06-02 23:52:54,  [32minfo[39m, /*code,*/ Received vote response from http://localhost:3230 for term 26, voteGranted: true
2024-06-02 23:52:54,  [32minfo[39m, /*code,*/ Stepped down to follower for term 26
2024-06-02 23:52:54,  [32minfo[39m, /*code,*/ Node N2s1 - I am the leader
2024-06-02 23:52:54,  [32minfo[39m, /*code,*/ Node http://localhost:3210 - Elected as leader for term 26
2024-06-02 23:52:54,  [32minfo[39m, /*code,*/ Node N2s1 - Received Raft message: {"state":2,"term":27,"address":"http://localhost:3220","type":"vote","leader":"","last":{"index":0,"term":0,"data":null}}
2024-06-02 23:52:54,  [32minfo[39m, /*code,*/ Node N2s1 - Received vote request from http://localhost:3220
2024-06-02 23:52:54,  [32minfo[39m, /*code,*/ Received vote response from http://localhost:3220 for term 27, voteGranted: true
2024-06-02 23:52:54,  [32minfo[39m, /*code,*/ Stepped down to follower for term 27
2024-06-02 23:52:54,  [32minfo[39m, /*code,*/ Node N2s1 - I am the leader
2024-06-02 23:52:54,  [32minfo[39m, /*code,*/ Node http://localhost:3210 - Elected as leader for term 27
2024-06-02 23:52:55,  [32minfo[39m, /*code,*/ Node N2s1 - I am a candidate
2024-06-02 23:52:55,  [32minfo[39m, /*code,*/ Node N2s1 - Term changed to 28
2024-06-02 23:52:55,  [32minfo[39m, /*code,*/ Packet sent to http://localhost:3200
2024-06-02 23:52:55,  [32minfo[39m, /*code,*/ Packet sent to http://localhost:3220
2024-06-02 23:52:55,  [32minfo[39m, /*code,*/ Packet sent to http://localhost:3230
2024-06-02 23:52:57,  [32minfo[39m, /*code,*/ Node N2s1 - Received Raft message: {"state":2,"term":29,"address":"http://localhost:3230","type":"vote","leader":"","last":{"index":0,"term":0,"data":null}}
2024-06-02 23:52:57,  [32minfo[39m, /*code,*/ Node N2s1 - Received vote request from http://localhost:3230
2024-06-02 23:52:57,  [32minfo[39m, /*code,*/ Received vote response from http://localhost:3230 for term 29, voteGranted: true
2024-06-02 23:52:57,  [32minfo[39m, /*code,*/ Stepped down to follower for term 29
2024-06-02 23:52:57,  [32minfo[39m, /*code,*/ Node N2s1 - I am the leader
2024-06-02 23:52:57,  [32minfo[39m, /*code,*/ Node http://localhost:3210 - Elected as leader for term 29
2024-06-02 23:52:58,  [32minfo[39m, /*code,*/ Node N2s1 - Received Raft message: {"state":2,"term":30,"address":"http://localhost:3220","type":"vote","leader":"","last":{"index":0,"term":0,"data":null}}
2024-06-02 23:52:58,  [32minfo[39m, /*code,*/ Node N2s1 - Received vote request from http://localhost:3220
2024-06-02 23:52:58,  [32minfo[39m, /*code,*/ Received vote response from http://localhost:3220 for term 30, voteGranted: true
2024-06-02 23:52:58,  [32minfo[39m, /*code,*/ Stepped down to follower for term 30
2024-06-02 23:52:58,  [32minfo[39m, /*code,*/ Node N2s1 - I am the leader
2024-06-02 23:52:58,  [32minfo[39m, /*code,*/ Node http://localhost:3210 - Elected as leader for term 30
2024-06-02 23:52:58,  [32minfo[39m, /*code,*/ Node N2s1 - Received Raft message: {"state":2,"term":31,"address":"http://localhost:3200","type":"vote","leader":"","last":{"index":0,"term":0,"data":null}}
2024-06-02 23:52:58,  [32minfo[39m, /*code,*/ Node N2s1 - Received vote request from http://localhost:3200
2024-06-02 23:52:58,  [32minfo[39m, /*code,*/ Received vote response from http://localhost:3200 for term 31, voteGranted: true
2024-06-02 23:52:58,  [32minfo[39m, /*code,*/ Stepped down to follower for term 31
2024-06-02 23:52:58,  [32minfo[39m, /*code,*/ Node N2s1 - I am the leader
2024-06-02 23:52:58,  [32minfo[39m, /*code,*/ Node http://localhost:3210 - Elected as leader for term 31
2024-06-02 23:52:59,  [32minfo[39m, /*code,*/ Node N2s1 - I am a candidate
2024-06-02 23:52:59,  [32minfo[39m, /*code,*/ Node N2s1 - Term changed to 32
2024-06-02 23:52:59,  [32minfo[39m, /*code,*/ Packet sent to http://localhost:3220
2024-06-02 23:52:59,  [32minfo[39m, /*code,*/ Packet sent to http://localhost:3200
2024-06-02 23:52:59,  [32minfo[39m, /*code,*/ Packet sent to http://localhost:3230
2024-06-02 23:53:01,  [32minfo[39m, /*code,*/ Node N2s1 - Received Raft message: {"state":2,"term":33,"address":"http://localhost:3230","type":"vote","leader":"","last":{"index":0,"term":0,"data":null}}
2024-06-02 23:53:01,  [32minfo[39m, /*code,*/ Node N2s1 - Received vote request from http://localhost:3230
2024-06-02 23:53:01,  [32minfo[39m, /*code,*/ Received vote response from http://localhost:3230 for term 33, voteGranted: true
2024-06-02 23:53:01,  [32minfo[39m, /*code,*/ Stepped down to follower for term 33
2024-06-02 23:53:01,  [32minfo[39m, /*code,*/ Node N2s1 - I am the leader
2024-06-02 23:53:01,  [32minfo[39m, /*code,*/ Node http://localhost:3210 - Elected as leader for term 33
2024-06-02 23:53:03,  [32minfo[39m, /*code,*/ Node N2s1 - Received Raft message: {"state":2,"term":34,"address":"http://localhost:3200","type":"vote","leader":"","last":{"index":0,"term":0,"data":null}}
2024-06-02 23:53:03,  [32minfo[39m, /*code,*/ Node N2s1 - Received vote request from http://localhost:3200
2024-06-02 23:53:03,  [32minfo[39m, /*code,*/ Received vote response from http://localhost:3200 for term 34, voteGranted: true
2024-06-02 23:53:03,  [32minfo[39m, /*code,*/ Stepped down to follower for term 34
2024-06-02 23:53:03,  [32minfo[39m, /*code,*/ Node N2s1 - I am the leader
2024-06-02 23:53:03,  [32minfo[39m, /*code,*/ Node http://localhost:3210 - Elected as leader for term 34
2024-06-02 23:53:03,  [32minfo[39m, /*code,*/ Node N2s1 - Received Raft message: {"state":2,"term":35,"address":"http://localhost:3220","type":"vote","leader":"","last":{"index":0,"term":0,"data":null}}
2024-06-02 23:53:03,  [32minfo[39m, /*code,*/ Node N2s1 - Received vote request from http://localhost:3220
2024-06-02 23:53:03,  [32minfo[39m, /*code,*/ Received vote response from http://localhost:3220 for term 35, voteGranted: true
2024-06-02 23:53:03,  [32minfo[39m, /*code,*/ Stepped down to follower for term 35
2024-06-02 23:53:03,  [32minfo[39m, /*code,*/ Node N2s1 - I am the leader
2024-06-02 23:53:03,  [32minfo[39m, /*code,*/ Node http://localhost:3210 - Elected as leader for term 35
