C:\Users\tiago\Documents\faculdade\SD\SD_Projeto\ursoDB\src\DNs\app.js:118



SyntaxError: Unexpected end of input
    at internalCompileFunction (node:internal/vm:77:18)
    at wrapSafe (node:internal/modules/cjs/loader:1290:20)
    at Module._compile (node:internal/modules/cjs/loader:1342:27)
    at Module._extensions..js (node:internal/modules/cjs/loader:1437:10)
    at Module.load (node:internal/modules/cjs/loader:1212:32)
    at Module._load (node:internal/modules/cjs/loader:1028:12)
    at Function.executeUserEntryPoint [as runMain] (node:internal/modules/run_main:142:12)
    at node:internal/main/run_main_module:28:49

Node.js v21.6.2
C:\Users\tiago\Documents\faculdade\SD\SD_Projeto\ursoDB\src\DNs\app.js:118



SyntaxError: Unexpected end of input
    at internalCompileFunction (node:internal/vm:77:18)
    at wrapSafe (node:internal/modules/cjs/loader:1290:20)
    at Module._compile (node:internal/modules/cjs/loader:1342:27)
    at Module._extensions..js (node:internal/modules/cjs/loader:1437:10)
    at Module.load (node:internal/modules/cjs/loader:1212:32)
    at Module._load (node:internal/modules/cjs/loader:1028:12)
    at Function.executeUserEntryPoint [as runMain] (node:internal/modules/run_main:142:12)
    at node:internal/main/run_main_module:28:49

Node.js v21.6.2
C:\Users\tiago\Documents\faculdade\SD\SD_Projeto\ursoDB\src\DNs\app.js:118



SyntaxError: Unexpected end of input
    at internalCompileFunction (node:internal/vm:77:18)
    at wrapSafe (node:internal/modules/cjs/loader:1290:20)
    at Module._compile (node:internal/modules/cjs/loader:1342:27)
    at Module._extensions..js (node:internal/modules/cjs/loader:1437:10)
    at Module.load (node:internal/modules/cjs/loader:1212:32)
    at Module._load (node:internal/modules/cjs/loader:1028:12)
    at Function.executeUserEntryPoint [as runMain] (node:internal/modules/run_main:142:12)
    at node:internal/main/run_main_module:28:49

Node.js v21.6.2
C:\Users\tiago\Documents\faculdade\SD\SD_Projeto\ursoDB\src\DNs\app.js:118



SyntaxError: Unexpected end of input
    at internalCompileFunction (node:internal/vm:77:18)
    at wrapSafe (node:internal/modules/cjs/loader:1290:20)
    at Module._compile (node:internal/modules/cjs/loader:1342:27)
    at Module._extensions..js (node:internal/modules/cjs/loader:1437:10)
    at Module.load (node:internal/modules/cjs/loader:1212:32)
    at Module._load (node:internal/modules/cjs/loader:1028:12)
    at Function.executeUserEntryPoint [as runMain] (node:internal/modules/run_main:142:12)
    at node:internal/main/run_main_module:28:49

Node.js v21.6.2
C:\Users\tiago\Documents\faculdade\SD\SD_Projeto\ursoDB\src\DNs\app.js:118



SyntaxError: Unexpected end of input
    at internalCompileFunction (node:internal/vm:77:18)
    at wrapSafe (node:internal/modules/cjs/loader:1290:20)
    at Module._compile (node:internal/modules/cjs/loader:1342:27)
    at Module._extensions..js (node:internal/modules/cjs/loader:1437:10)
    at Module.load (node:internal/modules/cjs/loader:1212:32)
    at Module._load (node:internal/modules/cjs/loader:1028:12)
    at Function.executeUserEntryPoint [as runMain] (node:internal/modules/run_main:142:12)
    at node:internal/main/run_main_module:28:49

Node.js v21.6.2
C:\Users\tiago\Documents\faculdade\SD\SD_Projeto\ursoDB\src\DNs\app.js:118



SyntaxError: Unexpected end of input
    at internalCompileFunction (node:internal/vm:77:18)
    at wrapSafe (node:internal/modules/cjs/loader:1290:20)
    at Module._compile (node:internal/modules/cjs/loader:1342:27)
    at Module._extensions..js (node:internal/modules/cjs/loader:1437:10)
    at Module.load (node:internal/modules/cjs/loader:1212:32)
    at Module._load (node:internal/modules/cjs/loader:1028:12)
    at Function.executeUserEntryPoint [as runMain] (node:internal/modules/run_main:142:12)
    at node:internal/main/run_main_module:28:49

Node.js v21.6.2
C:\Users\tiago\Documents\faculdade\SD\SD_Projeto\ursoDB\src\DNs\app.js:118



SyntaxError: Unexpected end of input
    at internalCompileFunction (node:internal/vm:77:18)
    at wrapSafe (node:internal/modules/cjs/loader:1290:20)
    at Module._compile (node:internal/modules/cjs/loader:1342:27)
    at Module._extensions..js (node:internal/modules/cjs/loader:1437:10)
    at Module.load (node:internal/modules/cjs/loader:1212:32)
    at Module._load (node:internal/modules/cjs/loader:1028:12)
    at Function.executeUserEntryPoint [as runMain] (node:internal/modules/run_main:142:12)
    at node:internal/main/run_main_module:28:49

Node.js v21.6.2
